GROUP,PACKAGE,CLASS,INSTRUCTION_MISSED,INSTRUCTION_COVERED,BRANCH_MISSED,BRANCH_COVERED,LINE_MISSED,LINE_COVERED,COMPLEXITY_MISSED,COMPLEXITY_COVERED,METHOD_MISSED,METHOD_COVERED
RESTchess,aiss.model,Player,33,0,0,0,15,0,8,0,8,0
RESTchess,aiss.model,Game,68,158,6,8,24,37,14,11,10,8
RESTchess,aiss.model.repository,MapGameRepository,316,0,2,0,88,0,17,0,16,0
RESTchess,aiss.api,ChessApplication,29,0,0,0,8,0,3,0,3,0
RESTchess,aiss.api.resources,GameResource,14,0,2,0,5,0,4,0,3,0
RESTchess,aiss.api.resources,PlayerResource,14,0,2,0,5,0,4,0,3,0
